<?xml version="1.0" encoding="UTF-8"?>
<testng-results ignored="0" total="1" passed="1" failed="0" skipped="0">
  <reporter-output>
  </reporter-output>
  <suite started-at="2022-03-29T15:59:41 CEST" name="Default suite" finished-at="2022-03-29T15:59:59 CEST" duration-ms="17987">
    <groups>
    </groups>
    <test started-at="2022-03-29T15:59:41 CEST" name="Default test" finished-at="2022-03-29T15:59:59 CEST" duration-ms="17987">
      <class name="com.selenium4.nokia.readGoogleSuggestion">
        <test-method is-config="true" signature="testSetUp()[pri:0, instance:com.selenium4.nokia.readGoogleSuggestion@5d0a1059]" started-at="2022-03-29T15:59:41 CEST" name="testSetUp" finished-at="2022-03-29T15:59:43 CEST" duration-ms="1953" status="PASS">
          <reporter-output>
          </reporter-output>
        </test-method> <!-- testSetUp -->
        <test-method signature="searchOnGooglePage()[pri:0, instance:com.selenium4.nokia.readGoogleSuggestion@5d0a1059]" started-at="2022-03-29T15:59:43 CEST" name="searchOnGooglePage" finished-at="2022-03-29T15:59:55 CEST" duration-ms="11846" status="PASS">
          <reporter-output>
          </reporter-output>
        </test-method> <!-- searchOnGooglePage -->
        <test-method is-config="true" signature="tearDown()[pri:0, instance:com.selenium4.nokia.readGoogleSuggestion@5d0a1059]" started-at="2022-03-29T15:59:55 CEST" name="tearDown" finished-at="2022-03-29T15:59:59 CEST" duration-ms="4159" status="PASS">
          <reporter-output>
          </reporter-output>
        </test-method> <!-- tearDown -->
      </class> <!-- com.selenium4.nokia.readGoogleSuggestion -->
    </test> <!-- Default test -->
  </suite> <!-- Default suite -->
</testng-results>
