<?xml version="1.0" encoding="UTF-8" standalone="no"?>
<testsuite errors="0" failures="0" name="io.cucumber.core.plugin.JUnitFormatter" skipped="0" tests="3" time="16.368">
    <testcase classname="Free CRM Login Feature" name="Free CRM Login Test Scenario" time="6.521">
        <system-out><![CDATA[Given user is already on Login Page.........................................passed
When title of login page is Free CRM........................................passed
Then user enters "naveenk" and "test@123"...................................passed
Then user clicks on login button............................................passed
Then user is on home page...................................................passed
Then Close the browser......................................................passed
]]></system-out>
    </testcase>
    <testcase classname="Free CRM Login Feature" name="Free CRM Login Test Scenario 2" time="4.84">
        <system-out><![CDATA[Given user is already on Login Page.........................................passed
When title of login page is Free CRM........................................passed
Then user enters "tom" and "test456"........................................passed
Then user clicks on login button............................................passed
Then user is on home page...................................................passed
Then Close the browser......................................................passed
]]></system-out>
    </testcase>
    <testcase classname="Free CRM Login Feature" name="Free CRM Login Test Scenario 3" time="4.849">
        <system-out><![CDATA[Given user is already on Login Page.........................................passed
When title of login page is Free CRM........................................passed
Then user enters "sumeet" and "test123".....................................passed
Then user clicks on login button............................................passed
Then user is on home page...................................................passed
Then Close the browser......................................................passed
]]></system-out>
    </testcase>
</testsuite>
